<?xml version="1.0" encoding="UTF-8"?>
<testng-results ignored="0" total="2" passed="2" failed="0" skipped="0">
  <reporter-output>
  </reporter-output>
  <suite started-at="2025-11-12T13:14:07 IST" name="Default suite" finished-at="2025-11-12T13:14:15 IST" duration-ms="7610">
    <groups>
    </groups>
    <test started-at="2025-11-12T13:14:07 IST" name="Default test" finished-at="2025-11-12T13:14:15 IST" duration-ms="7610">
      <class name="testcases.Testing">
        <test-method is-config="true" signature="setup()[pri:0, instance:testcases.Testing@217ed35e]" started-at="2025-11-12T13:14:07 IST" name="setup" finished-at="2025-11-12T13:14:10 IST" duration-ms="2495" status="PASS">
          <reporter-output>
          </reporter-output>
        </test-method> <!-- setup -->
        <test-method is-config="true" signature="login()[pri:0, instance:testcases.Testing@217ed35e]" started-at="2025-11-12T13:14:10 IST" name="login" finished-at="2025-11-12T13:14:10 IST" duration-ms="1" status="PASS">
          <reporter-output>
          </reporter-output>
        </test-method> <!-- login -->
        <test-method signature="tc001()[pri:0, instance:testcases.Testing@217ed35e]" started-at="2025-11-12T13:14:10 IST" name="tc001" finished-at="2025-11-12T13:14:14 IST" duration-ms="3711" status="PASS">
          <reporter-output>
          </reporter-output>
        </test-method> <!-- tc001 -->
        <test-method signature="tc002()[pri:0, instance:testcases.Testing@217ed35e]" started-at="2025-11-12T13:14:14 IST" name="tc002" finished-at="2025-11-12T13:14:15 IST" duration-ms="1269" status="PASS">
          <reporter-output>
          </reporter-output>
        </test-method> <!-- tc002 -->
        <test-method is-config="true" signature="cutoff()[pri:0, instance:testcases.Testing@217ed35e]" started-at="2025-11-12T13:14:15 IST" name="cutoff" finished-at="2025-11-12T13:14:15 IST" duration-ms="102" status="PASS">
          <reporter-output>
          </reporter-output>
        </test-method> <!-- cutoff -->
      </class> <!-- testcases.Testing -->
    </test> <!-- Default test -->
  </suite> <!-- Default suite -->
</testng-results>
